<?xml version="1.0" encoding="UTF-8"?>
<testng-results skipped="0" failed="0" ignored="0" total="1" passed="1">
  <reporter-output>
  </reporter-output>
  <suite name="Default suite" duration-ms="7388" started-at="2019-08-22T08:09:33Z" finished-at="2019-08-22T08:09:40Z">
    <groups>
    </groups>
    <test name="Default test" duration-ms="7388" started-at="2019-08-22T08:09:33Z" finished-at="2019-08-22T08:09:40Z">
      <class name="thuynt3.Exercise_Day_07">
        <test-method status="PASS" signature="beforeClass()[pri:0, instance:thuynt3.Exercise_Day_07@604ed9f0]" name="beforeClass" is-config="true" duration-ms="6561" started-at="2019-08-22T15:09:33Z" finished-at="2019-08-22T15:09:39Z">
          <reporter-output>
          </reporter-output>
        </test-method> <!-- beforeClass -->
        <test-method status="PASS" signature="Exercise_01()[pri:0, instance:thuynt3.Exercise_Day_07@604ed9f0]" name="Exercise_01" duration-ms="37" started-at="2019-08-22T15:09:39Z" finished-at="2019-08-22T15:09:39Z">
          <reporter-output>
          </reporter-output>
        </test-method> <!-- Exercise_01 -->
        <test-method status="PASS" signature="afterClass()[pri:0, instance:thuynt3.Exercise_Day_07@604ed9f0]" name="afterClass" is-config="true" duration-ms="773" started-at="2019-08-22T15:09:39Z" finished-at="2019-08-22T15:09:40Z">
          <reporter-output>
          </reporter-output>
        </test-method> <!-- afterClass -->
      </class> <!-- thuynt3.Exercise_Day_07 -->
    </test> <!-- Default test -->
  </suite> <!-- Default suite -->
</testng-results>
